<?xml version="1.0" encoding="UTF-8"?>
<!-- Generated by org.testng.reporters.JUnitReportReporter -->
<testsuite hostname="DESKTOP-OR1A2J9" failures="0" tests="1" name="com.testLayer.BySenario1" time="21.825" errors="0" timestamp="2022-10-23T15:29:30 IST" skipped="0">
  <testcase classname="com.testLayer.BySenario1" name="buyShare" time="21.825"/>
  <system-out/>
</testsuite> <!-- com.testLayer.BySenario1 -->
