<?xml version="1.0" encoding="UTF-8"?>
<!-- Generated by org.testng.reporters.JUnitReportReporter -->
<testsuite hostname="DESKTOP-OR1A2J9" failures="0" tests="1" name="com.testLayer.HomePageTest" time="27.719" errors="0" timestamp="2022-10-23T14:15:22 IST" skipped="0">
  <testcase classname="com.testLayer.HomePageTest" name="buyTrade" time="27.719"/>
  <system-out/>
</testsuite> <!-- com.testLayer.HomePageTest -->
