<?xml version="1.0" encoding="UTF-8"?>
<!-- Generated by org.testng.reporters.JUnitReportReporter -->
<testsuite hostname="DESKTOP-OR1A2J9" failures="0" tests="1" name="com.testLayer.PageTest$LoginpageTest" time="24.669" errors="0" timestamp="2022-10-21T21:17:13 IST" skipped="0">
  <testcase classname="com.testLayer.PageTest$LoginpageTest" name="verifyLoginTest" time="24.669"/>
  <system-out/>
</testsuite> <!-- com.testLayer.PageTest$LoginpageTest -->
