<?xml version="1.0" encoding="UTF-8"?>
<!-- Generated by org.testng.reporters.JUnitReportReporter -->
<testsuite hostname="DESKTOP-OR1A2J9" failures="0" tests="1" name="com.testLayer.SellTrade" time="34.407" errors="0" timestamp="2022-10-23T17:42:01 IST" skipped="0">
  <testcase classname="com.testLayer.SellTrade" name="SellWiproTrade" time="34.407"/>
  <system-out/>
</testsuite> <!-- com.testLayer.SellTrade -->
